<?xml version="1.0" encoding="UTF-8"?>
<coverage generated="1744384524884" clover="3.2.0">
  <project timestamp="1744384524884" name="All files">
    <metrics statements="130" coveredstatements="126" conditionals="43" coveredconditionals="42" methods="33" coveredmethods="33" elements="206" coveredelements="201" complexity="0" loc="130" ncloc="130" packages="3" files="4" classes="4"/>
    <package name="src">
      <metrics statements="10" coveredstatements="8" conditionals="1" coveredconditionals="0" methods="3" coveredmethods="3"/>
      <file name="template-update-builder.ts" path="/Users/Alex.Nuttall/code/nhs-notify-web-template-management/utils/entity-update-command-builder/src/template-update-builder.ts">
        <metrics statements="10" coveredstatements="8" conditionals="1" coveredconditionals="0" methods="3" coveredmethods="3"/>
        <line num="5" count="1" type="stmt"/>
        <line num="8" count="4" type="stmt"/>
        <line num="15" count="4" type="stmt"/>
        <line num="26" count="2" type="stmt"/>
        <line num="27" count="2" type="stmt"/>
        <line num="31" count="1" type="cond" truecount="0" falsecount="1"/>
        <line num="32" count="0" type="stmt"/>
        <line num="33" count="0" type="stmt"/>
        <line num="35" count="1" type="stmt"/>
        <line num="36" count="1" type="stmt"/>
      </file>
    </package>
    <package name="src.common">
      <metrics statements="115" coveredstatements="113" conditionals="42" coveredconditionals="42" methods="28" coveredmethods="28"/>
      <file name="condition-builder.ts" path="/Users/Alex.Nuttall/code/nhs-notify-web-template-management/utils/entity-update-command-builder/src/common/condition-builder.ts">
        <metrics statements="27" coveredstatements="27" conditionals="14" coveredconditionals="14" methods="9" coveredmethods="9"/>
        <line num="10" count="59" type="stmt"/>
        <line num="11" count="59" type="stmt"/>
        <line num="19" count="13" type="cond" truecount="1" falsecount="0"/>
        <line num="20" count="7" type="stmt"/>
        <line num="21" count="7" type="stmt"/>
        <line num="23" count="6" type="stmt"/>
        <line num="24" count="6" type="stmt"/>
        <line num="33" count="24" type="cond" truecount="1" falsecount="0"/>
        <line num="34" count="17" type="stmt"/>
        <line num="35" count="17" type="stmt"/>
        <line num="37" count="7" type="stmt"/>
        <line num="38" count="7" type="stmt"/>
        <line num="48" count="11" type="cond" truecount="1" falsecount="0"/>
        <line num="49" count="9" type="stmt"/>
        <line num="50" count="9" type="stmt"/>
        <line num="52" count="2" type="stmt"/>
        <line num="59" count="2" type="stmt"/>
        <line num="68" count="13" type="cond" truecount="1" falsecount="0"/>
        <line num="69" count="6" type="stmt"/>
        <line num="70" count="6" type="stmt"/>
        <line num="72" count="7" type="stmt"/>
        <line num="79" count="7" type="stmt"/>
        <line num="83" count="61" type="stmt"/>
        <line num="96" count="13" type="stmt"/>
        <line num="112" count="11" type="stmt"/>
        <line num="128" count="37" type="stmt"/>
        <line num="138" count="59" type="stmt"/>
      </file>
      <file name="update-command-builder.ts" path="/Users/Alex.Nuttall/code/nhs-notify-web-template-management/utils/entity-update-command-builder/src/common/update-command-builder.ts">
        <metrics statements="88" coveredstatements="86" conditionals="28" coveredconditionals="28" methods="19" coveredmethods="19"/>
        <line num="15" count="45" type="stmt"/>
        <line num="16" count="45" type="stmt"/>
        <line num="23" count="45" type="stmt"/>
        <line num="25" count="45" type="stmt"/>
        <line num="27" count="45" type="stmt"/>
        <line num="30" count="45" type="stmt"/>
        <line num="31" count="45" type="stmt"/>
        <line num="32" count="45" type="stmt"/>
        <line num="33" count="45" type="cond" truecount="1" falsecount="0"/>
        <line num="40" count="33" type="stmt"/>
        <line num="41" count="33" type="stmt"/>
        <line num="42" count="33" type="stmt"/>
        <line num="44" count="33" type="stmt"/>
        <line num="51" count="1" type="stmt"/>
        <line num="52" count="1" type="stmt"/>
        <line num="53" count="1" type="stmt"/>
        <line num="55" count="1" type="stmt"/>
        <line num="59" count="6" type="stmt"/>
        <line num="60" count="6" type="stmt"/>
        <line num="61" count="6" type="stmt"/>
        <line num="68" count="7" type="stmt"/>
        <line num="69" count="7" type="stmt"/>
        <line num="70" count="7" type="stmt"/>
        <line num="72" count="7" type="stmt"/>
        <line num="79" count="1" type="stmt"/>
        <line num="80" count="1" type="stmt"/>
        <line num="81" count="1" type="stmt"/>
        <line num="82" count="1" type="stmt"/>
        <line num="84" count="1" type="stmt"/>
        <line num="93" count="7" type="stmt"/>
        <line num="94" count="7" type="stmt"/>
        <line num="103" count="16" type="stmt"/>
        <line num="104" count="16" type="stmt"/>
        <line num="114" count="8" type="stmt"/>
        <line num="121" count="8" type="stmt"/>
        <line num="130" count="9" type="stmt"/>
        <line num="131" count="9" type="stmt"/>
        <line num="138" count="9" type="stmt"/>
        <line num="140" count="9" type="stmt"/>
        <line num="142" count="9" type="cond" truecount="2" falsecount="0"/>
        <line num="144" count="9" type="stmt"/>
        <line num="145" count="9" type="stmt"/>
        <line num="147" count="9" type="stmt"/>
        <line num="149" count="9" type="stmt"/>
        <line num="150" count="9" type="stmt"/>
        <line num="151" count="9" type="stmt"/>
        <line num="152" count="9" type="stmt"/>
        <line num="154" count="9" type="stmt"/>
        <line num="157" count="9" type="cond" truecount="2" falsecount="0"/>
        <line num="158" count="9" type="cond" truecount="2" falsecount="0"/>
        <line num="162" count="9" type="stmt"/>
        <line num="169" count="9" type="cond" truecount="1" falsecount="0"/>
        <line num="170" count="9" type="stmt"/>
        <line num="172" count="0" type="stmt"/>
        <line num="177" count="8" type="stmt"/>
        <line num="179" count="8" type="stmt"/>
        <line num="181" count="8" type="stmt"/>
        <line num="183" count="8" type="stmt"/>
        <line num="185" count="8" type="cond" truecount="1" falsecount="0"/>
        <line num="186" count="5" type="stmt"/>
        <line num="189" count="8" type="cond" truecount="2" falsecount="0"/>
        <line num="190" count="8" type="cond" truecount="2" falsecount="0"/>
        <line num="194" count="8" type="cond" truecount="2" falsecount="0"/>
        <line num="196" count="8" type="stmt"/>
        <line num="200" count="23" type="stmt"/>
        <line num="202" count="23" type="stmt"/>
        <line num="203" count="23" type="stmt"/>
        <line num="205" count="23" type="stmt"/>
        <line num="206" count="23" type="stmt"/>
        <line num="208" count="23" type="cond" truecount="2" falsecount="0"/>
        <line num="209" count="23" type="cond" truecount="2" falsecount="0"/>
        <line num="213" count="23" type="stmt"/>
        <line num="217" count="45" type="stmt"/>
        <line num="219" count="45" type="stmt"/>
        <line num="221" count="40" type="stmt"/>
        <line num="223" count="40" type="cond" truecount="1" falsecount="0"/>
        <line num="224" count="9" type="stmt"/>
        <line num="226" count="31" type="cond" truecount="1" falsecount="0"/>
        <line num="227" count="8" type="stmt"/>
        <line num="229" count="23" type="cond" truecount="1" falsecount="0"/>
        <line num="230" count="23" type="stmt"/>
        <line num="232" count="0" type="stmt"/>
        <line num="238" count="45" type="stmt"/>
        <line num="240" count="180" type="cond" truecount="2" falsecount="0"/>
        <line num="248" count="45" type="stmt"/>
        <line num="249" count="45" type="stmt"/>
        <line num="252" count="45" type="stmt"/>
        <line num="254" count="45" type="stmt"/>
      </file>
    </package>
    <package name="src.domain">
      <metrics statements="5" coveredstatements="5" conditionals="0" coveredconditionals="0" methods="2" coveredmethods="2"/>
      <file name="entity-update-builder.ts" path="/Users/Alex.Nuttall/code/nhs-notify-web-template-management/utils/entity-update-command-builder/src/domain/entity-update-builder.ts">
        <metrics statements="5" coveredstatements="5" conditionals="0" coveredconditionals="0" methods="2" coveredmethods="2"/>
        <line num="1" count="2" type="stmt"/>
        <line num="2" count="2" type="stmt"/>
        <line num="5" count="3" type="stmt"/>
        <line num="13" count="6" type="stmt"/>
        <line num="22" count="6" type="stmt"/>
      </file>
    </package>
  </project>
</coverage>
