{"/Users/Alex.Nuttall/code/nhs-notify-web-template-management/utils/entity-update-command-builder/src/template-update-builder.ts": {"path":"/Users/Alex.Nuttall/code/nhs-notify-web-template-management/utils/entity-update-command-builder/src/template-update-builder.ts","statementMap":{"0":{"start":{"line":8,"column":13},"end":{"line":8,"column":43}},"1":{"start":{"line":5,"column":36},"end":{"line":5,"column":null}},"2":{"start":{"line":15,"column":4},"end":{"line":21,"column":null}},"3":{"start":{"line":26,"column":4},"end":{"line":26,"column":null}},"4":{"start":{"line":27,"column":4},"end":{"line":27,"column":null}},"5":{"start":{"line":31,"column":4},"end":{"line":34,"column":null}},"6":{"start":{"line":32,"column":6},"end":{"line":32,"column":null}},"7":{"start":{"line":33,"column":6},"end":{"line":33,"column":null}},"8":{"start":{"line":35,"column":4},"end":{"line":35,"column":null}},"9":{"start":{"line":36,"column":4},"end":{"line":36,"column":null}}},"fnMap":{"0":{"name":"(anonymous_1)","decl":{"start":{"line":9,"column":2},"end":{"line":9,"column":null}},"loc":{"start":{"line":14,"column":4},"end":{"line":23,"column":null}}},"1":{"name":"(anonymous_2)","decl":{"start":{"line":25,"column":2},"end":{"line":25,"column":12}},"loc":{"start":{"line":25,"column":36},"end":{"line":28,"column":null}}},"2":{"name":"(anonymous_3)","decl":{"start":{"line":30,"column":2},"end":{"line":30,"column":17}},"loc":{"start":{"line":30,"column":68},"end":{"line":37,"column":null}}}},"branchMap":{"0":{"loc":{"start":{"line":31,"column":4},"end":{"line":34,"column":null}},"type":"if","locations":[{"start":{"line":31,"column":4},"end":{"line":34,"column":null}}]}},"s":{"0":4,"1":1,"2":4,"3":2,"4":2,"5":1,"6":0,"7":0,"8":1,"9":1},"f":{"0":4,"1":2,"2":1},"b":{"0":[0]}}
,"/Users/Alex.Nuttall/code/nhs-notify-web-template-management/utils/entity-update-command-builder/src/common/condition-builder.ts": {"path":"/Users/Alex.Nuttall/code/nhs-notify-web-template-management/utils/entity-update-command-builder/src/common/condition-builder.ts","statementMap":{"0":{"start":{"line":10,"column":13},"end":{"line":10,"column":null}},"1":{"start":{"line":11,"column":50},"end":{"line":11,"column":52}},"2":{"start":{"line":19,"column":4},"end":{"line":22,"column":null}},"3":{"start":{"line":20,"column":6},"end":{"line":20,"column":null}},"4":{"start":{"line":21,"column":6},"end":{"line":21,"column":null}},"5":{"start":{"line":23,"column":4},"end":{"line":23,"column":null}},"6":{"start":{"line":24,"column":4},"end":{"line":24,"column":null}},"7":{"start":{"line":33,"column":4},"end":{"line":36,"column":null}},"8":{"start":{"line":34,"column":6},"end":{"line":34,"column":null}},"9":{"start":{"line":35,"column":6},"end":{"line":35,"column":null}},"10":{"start":{"line":37,"column":4},"end":{"line":37,"column":null}},"11":{"start":{"line":38,"column":4},"end":{"line":38,"column":null}},"12":{"start":{"line":48,"column":4},"end":{"line":51,"column":null}},"13":{"start":{"line":49,"column":6},"end":{"line":49,"column":null}},"14":{"start":{"line":50,"column":6},"end":{"line":50,"column":null}},"15":{"start":{"line":52,"column":4},"end":{"line":57,"column":null}},"16":{"start":{"line":59,"column":4},"end":{"line":59,"column":null}},"17":{"start":{"line":68,"column":4},"end":{"line":71,"column":null}},"18":{"start":{"line":69,"column":6},"end":{"line":69,"column":null}},"19":{"start":{"line":70,"column":6},"end":{"line":70,"column":null}},"20":{"start":{"line":72,"column":4},"end":{"line":77,"column":null}},"21":{"start":{"line":79,"column":4},"end":{"line":79,"column":null}},"22":{"start":{"line":83,"column":4},"end":{"line":83,"column":null}},"23":{"start":{"line":96,"column":4},"end":{"line":102,"column":null}},"24":{"start":{"line":112,"column":4},"end":{"line":118,"column":null}},"25":{"start":{"line":128,"column":4},"end":{"line":134,"column":null}},"26":{"start":{"line":138,"column":4},"end":{"line":138,"column":null}}},"fnMap":{"0":{"name":"(anonymous_1)","decl":{"start":{"line":13,"column":2},"end":{"line":13,"column":null}},"loc":{"start":{"line":18,"column":4},"end":{"line":25,"column":null}}},"1":{"name":"(anonymous_2)","decl":{"start":{"line":27,"column":2},"end":{"line":27,"column":null}},"loc":{"start":{"line":32,"column":4},"end":{"line":39,"column":null}}},"2":{"name":"(anonymous_3)","decl":{"start":{"line":41,"column":2},"end":{"line":41,"column":null}},"loc":{"start":{"line":47,"column":4},"end":{"line":60,"column":null}}},"3":{"name":"(anonymous_4)","decl":{"start":{"line":62,"column":2},"end":{"line":62,"column":null}},"loc":{"start":{"line":67,"column":4},"end":{"line":80,"column":null}}},"4":{"name":"(anonymous_5)","decl":{"start":{"line":82,"column":10},"end":{"line":82,"column":20}},"loc":{"start":{"line":82,"column":20},"end":{"line":84,"column":null}}},"5":{"name":"(anonymous_6)","decl":{"start":{"line":86,"column":10},"end":{"line":86,"column":null}},"loc":{"start":{"line":95,"column":4},"end":{"line":103,"column":null}}},"6":{"name":"(anonymous_7)","decl":{"start":{"line":105,"column":10},"end":{"line":105,"column":null}},"loc":{"start":{"line":111,"column":4},"end":{"line":119,"column":null}}},"7":{"name":"(anonymous_8)","decl":{"start":{"line":121,"column":10},"end":{"line":121,"column":null}},"loc":{"start":{"line":127,"column":4},"end":{"line":135,"column":null}}},"8":{"name":"(anonymous_9)","decl":{"start":{"line":137,"column":2},"end":{"line":137,"column":10}},"loc":{"start":{"line":137,"column":10},"end":{"line":139,"column":null}}}},"branchMap":{"0":{"loc":{"start":{"line":19,"column":4},"end":{"line":22,"column":null}},"type":"if","locations":[{"start":{"line":19,"column":4},"end":{"line":22,"column":null}}]},"1":{"loc":{"start":{"line":33,"column":4},"end":{"line":36,"column":null}},"type":"if","locations":[{"start":{"line":33,"column":4},"end":{"line":36,"column":null}}]},"2":{"loc":{"start":{"line":48,"column":4},"end":{"line":51,"column":null}},"type":"if","locations":[{"start":{"line":48,"column":4},"end":{"line":51,"column":null}}]},"3":{"loc":{"start":{"line":57,"column":6},"end":{"line":57,"column":null}},"type":"binary-expr","locations":[{"start":{"line":57,"column":6},"end":{"line":57,"column":25}},{"start":{"line":57,"column":25},"end":{"line":57,"column":null}}]},"4":{"loc":{"start":{"line":68,"column":4},"end":{"line":71,"column":null}},"type":"if","locations":[{"start":{"line":68,"column":4},"end":{"line":71,"column":null}}]},"5":{"loc":{"start":{"line":77,"column":6},"end":{"line":77,"column":null}},"type":"binary-expr","locations":[{"start":{"line":77,"column":6},"end":{"line":77,"column":25}},{"start":{"line":77,"column":25},"end":{"line":77,"column":null}}]},"6":{"loc":{"start":{"line":101,"column":15},"end":{"line":101,"column":null}},"type":"binary-expr","locations":[{"start":{"line":101,"column":15},"end":{"line":101,"column":25}},{"start":{"line":101,"column":25},"end":{"line":101,"column":null}}]},"7":{"loc":{"start":{"line":117,"column":15},"end":{"line":117,"column":null}},"type":"binary-expr","locations":[{"start":{"line":117,"column":15},"end":{"line":117,"column":25}},{"start":{"line":117,"column":25},"end":{"line":117,"column":null}}]},"8":{"loc":{"start":{"line":133,"column":15},"end":{"line":133,"column":null}},"type":"binary-expr","locations":[{"start":{"line":133,"column":15},"end":{"line":133,"column":25}},{"start":{"line":133,"column":25},"end":{"line":133,"column":null}}]}},"s":{"0":59,"1":59,"2":13,"3":7,"4":7,"5":6,"6":6,"7":24,"8":17,"9":17,"10":7,"11":7,"12":11,"13":9,"14":9,"15":2,"16":2,"17":13,"18":6,"19":6,"20":7,"21":7,"22":61,"23":13,"24":11,"25":37,"26":59},"f":{"0":13,"1":24,"2":11,"3":13,"4":61,"5":13,"6":11,"7":37,"8":59},"b":{"0":[7],"1":[17],"2":[9],"3":[2,1],"4":[6],"5":[7,4],"6":[13,10],"7":[11,5],"8":[37,30]}}
,"/Users/Alex.Nuttall/code/nhs-notify-web-template-management/utils/entity-update-command-builder/src/common/update-command-builder.ts": {"path":"/Users/Alex.Nuttall/code/nhs-notify-web-template-management/utils/entity-update-command-builder/src/common/update-command-builder.ts","statementMap":{"0":{"start":{"line":15,"column":13},"end":{"line":15,"column":null}},"1":{"start":{"line":30,"column":21},"end":{"line":30,"column":39}},"2":{"start":{"line":31,"column":21},"end":{"line":31,"column":50}},"3":{"start":{"line":32,"column":21},"end":{"line":32,"column":64}},"4":{"start":{"line":33,"column":21},"end":{"line":33,"column":58}},"5":{"start":{"line":16,"column":10},"end":{"line":21,"column":4}},"6":{"start":{"line":23,"column":10},"end":{"line":23,"column":67}},"7":{"start":{"line":25,"column":10},"end":{"line":25,"column":65}},"8":{"start":{"line":27,"column":10},"end":{"line":27,"column":45}},"9":{"start":{"line":40,"column":4},"end":{"line":40,"column":null}},"10":{"start":{"line":41,"column":4},"end":{"line":41,"column":null}},"11":{"start":{"line":42,"column":4},"end":{"line":43,"column":null}},"12":{"start":{"line":44,"column":4},"end":{"line":44,"column":null}},"13":{"start":{"line":51,"column":4},"end":{"line":51,"column":null}},"14":{"start":{"line":52,"column":4},"end":{"line":52,"column":null}},"15":{"start":{"line":53,"column":4},"end":{"line":54,"column":null}},"16":{"start":{"line":55,"column":4},"end":{"line":55,"column":null}},"17":{"start":{"line":59,"column":4},"end":{"line":59,"column":null}},"18":{"start":{"line":60,"column":4},"end":{"line":60,"column":null}},"19":{"start":{"line":61,"column":4},"end":{"line":61,"column":null}},"20":{"start":{"line":68,"column":4},"end":{"line":68,"column":null}},"21":{"start":{"line":69,"column":4},"end":{"line":69,"column":null}},"22":{"start":{"line":70,"column":4},"end":{"line":71,"column":null}},"23":{"start":{"line":72,"column":4},"end":{"line":72,"column":null}},"24":{"start":{"line":79,"column":4},"end":{"line":79,"column":null}},"25":{"start":{"line":80,"column":4},"end":{"line":80,"column":null}},"26":{"start":{"line":81,"column":4},"end":{"line":81,"column":null}},"27":{"start":{"line":82,"column":4},"end":{"line":83,"column":null}},"28":{"start":{"line":84,"column":4},"end":{"line":84,"column":null}},"29":{"start":{"line":93,"column":4},"end":{"line":93,"column":null}},"30":{"start":{"line":94,"column":4},"end":{"line":94,"column":null}},"31":{"start":{"line":103,"column":4},"end":{"line":103,"column":null}},"32":{"start":{"line":104,"column":4},"end":{"line":104,"column":null}},"33":{"start":{"line":114,"column":4},"end":{"line":119,"column":null}},"34":{"start":{"line":121,"column":4},"end":{"line":121,"column":null}},"35":{"start":{"line":130,"column":4},"end":{"line":130,"column":null}},"36":{"start":{"line":131,"column":4},"end":{"line":131,"column":null}},"37":{"start":{"line":138,"column":21},"end":{"line":138,"column":null}},"38":{"start":{"line":140,"column":59},"end":{"line":140,"column":null}},"39":{"start":{"line":142,"column":19},"end":{"line":142,"column":null}},"40":{"start":{"line":144,"column":29},"end":{"line":144,"column":44}},"41":{"start":{"line":145,"column":4},"end":{"line":145,"column":null}},"42":{"start":{"line":147,"column":24},"end":{"line":147,"column":26}},"43":{"start":{"line":149,"column":4},"end":{"line":155,"column":null}},"44":{"start":{"line":150,"column":32},"end":{"line":150,"column":71}},"45":{"start":{"line":151,"column":6},"end":{"line":151,"column":null}},"46":{"start":{"line":152,"column":6},"end":{"line":152,"column":null}},"47":{"start":{"line":154,"column":6},"end":{"line":154,"column":null}},"48":{"start":{"line":157,"column":21},"end":{"line":157,"column":null}},"49":{"start":{"line":158,"column":19},"end":{"line":160,"column":null}},"50":{"start":{"line":162,"column":4},"end":{"line":162,"column":null}},"51":{"start":{"line":169,"column":4},"end":{"line":171,"column":null}},"52":{"start":{"line":170,"column":6},"end":{"line":170,"column":null}},"53":{"start":{"line":172,"column":4},"end":{"line":172,"column":null}},"54":{"start":{"line":177,"column":6},"end":{"line":177,"column":null}},"55":{"start":{"line":179,"column":29},"end":{"line":179,"column":44}},"56":{"start":{"line":181,"column":4},"end":{"line":181,"column":null}},"57":{"start":{"line":183,"column":28},"end":{"line":183,"column":71}},"58":{"start":{"line":185,"column":4},"end":{"line":187,"column":null}},"59":{"start":{"line":186,"column":6},"end":{"line":186,"column":null}},"60":{"start":{"line":189,"column":21},"end":{"line":189,"column":null}},"61":{"start":{"line":190,"column":19},"end":{"line":192,"column":null}},"62":{"start":{"line":194,"column":16},"end":{"line":194,"column":null}},"63":{"start":{"line":196,"column":4},"end":{"line":196,"column":null}},"64":{"start":{"line":200,"column":69},"end":{"line":200,"column":null}},"65":{"start":{"line":202,"column":30},"end":{"line":202,"column":73}},"66":{"start":{"line":203,"column":29},"end":{"line":203,"column":44}},"67":{"start":{"line":205,"column":4},"end":{"line":205,"column":null}},"68":{"start":{"line":206,"column":4},"end":{"line":206,"column":null}},"69":{"start":{"line":208,"column":21},"end":{"line":208,"column":null}},"70":{"start":{"line":209,"column":19},"end":{"line":211,"column":null}},"71":{"start":{"line":213,"column":4},"end":{"line":213,"column":null}},"72":{"start":{"line":217,"column":4},"end":{"line":217,"column":null}},"73":{"start":{"line":219,"column":4},"end":{"line":234,"column":null}},"74":{"start":{"line":221,"column":31},"end":{"line":221,"column":null}},"75":{"start":{"line":223,"column":8},"end":{"line":225,"column":null}},"76":{"start":{"line":224,"column":10},"end":{"line":224,"column":null}},"77":{"start":{"line":226,"column":8},"end":{"line":228,"column":null}},"78":{"start":{"line":227,"column":10},"end":{"line":227,"column":null}},"79":{"start":{"line":229,"column":8},"end":{"line":231,"column":null}},"80":{"start":{"line":230,"column":10},"end":{"line":230,"column":null}},"81":{"start":{"line":232,"column":8},"end":{"line":232,"column":null}},"82":{"start":{"line":238,"column":4},"end":{"line":244,"column":null}},"83":{"start":{"line":240,"column":8},"end":{"line":242,"column":14}},"84":{"start":{"line":248,"column":32},"end":{"line":248,"column":null}},"85":{"start":{"line":249,"column":29},"end":{"line":249,"column":null}},"86":{"start":{"line":252,"column":6},"end":{"line":252,"column":null}},"87":{"start":{"line":254,"column":4},"end":{"line":266,"column":null}}},"fnMap":{"0":{"name":"(anonymous_1)","decl":{"start":{"line":29,"column":2},"end":{"line":29,"column":null}},"loc":{"start":{"line":34,"column":4},"end":{"line":34,"column":null}}},"1":{"name":"(anonymous_2)","decl":{"start":{"line":36,"column":2},"end":{"line":36,"column":null}},"loc":{"start":{"line":39,"column":4},"end":{"line":45,"column":null}}},"2":{"name":"(anonymous_3)","decl":{"start":{"line":47,"column":2},"end":{"line":47,"column":null}},"loc":{"start":{"line":50,"column":4},"end":{"line":56,"column":null}}},"3":{"name":"(anonymous_4)","decl":{"start":{"line":58,"column":2},"end":{"line":58,"column":42}},"loc":{"start":{"line":58,"column":60},"end":{"line":62,"column":null}}},"4":{"name":"(anonymous_5)","decl":{"start":{"line":64,"column":2},"end":{"line":64,"column":null}},"loc":{"start":{"line":67,"column":4},"end":{"line":73,"column":null}}},"5":{"name":"(anonymous_6)","decl":{"start":{"line":75,"column":2},"end":{"line":75,"column":null}},"loc":{"start":{"line":78,"column":4},"end":{"line":85,"column":null}}},"6":{"name":"(anonymous_7)","decl":{"start":{"line":87,"column":2},"end":{"line":87,"column":null}},"loc":{"start":{"line":92,"column":4},"end":{"line":95,"column":null}}},"7":{"name":"(anonymous_8)","decl":{"start":{"line":97,"column":2},"end":{"line":97,"column":null}},"loc":{"start":{"line":102,"column":4},"end":{"line":105,"column":null}}},"8":{"name":"(anonymous_9)","decl":{"start":{"line":107,"column":2},"end":{"line":107,"column":null}},"loc":{"start":{"line":113,"column":4},"end":{"line":122,"column":null}}},"9":{"name":"(anonymous_10)","decl":{"start":{"line":124,"column":2},"end":{"line":124,"column":null}},"loc":{"start":{"line":129,"column":4},"end":{"line":132,"column":null}}},"10":{"name":"(anonymous_11)","decl":{"start":{"line":134,"column":10},"end":{"line":134,"column":null}},"loc":{"start":{"line":137,"column":4},"end":{"line":163,"column":null}}},"11":{"name":"(anonymous_12)","decl":{"start":{"line":165,"column":10},"end":{"line":165,"column":null}},"loc":{"start":{"line":168,"column":4},"end":{"line":173,"column":null}}},"12":{"name":"(anonymous_13)","decl":{"start":{"line":175,"column":10},"end":{"line":175,"column":27}},"loc":{"start":{"line":175,"column":75},"end":{"line":197,"column":null}}},"13":{"name":"(anonymous_14)","decl":{"start":{"line":199,"column":10},"end":{"line":199,"column":25}},"loc":{"start":{"line":199,"column":78},"end":{"line":214,"column":null}}},"14":{"name":"(anonymous_15)","decl":{"start":{"line":216,"column":10},"end":{"line":216,"column":37}},"loc":{"start":{"line":216,"column":37},"end":{"line":235,"column":null}}},"15":{"name":"(anonymous_16)","decl":{"start":{"line":220,"column":11},"end":{"line":220,"column":12}},"loc":{"start":{"line":220,"column":23},"end":{"line":233,"column":null}}},"16":{"name":"(anonymous_17)","decl":{"start":{"line":237,"column":10},"end":{"line":237,"column":34}},"loc":{"start":{"line":237,"column":34},"end":{"line":245,"column":null}}},"17":{"name":"(anonymous_18)","decl":{"start":{"line":239,"column":15},"end":{"line":239,"column":16}},"loc":{"start":{"line":240,"column":8},"end":{"line":242,"column":14}}},"18":{"name":"(anonymous_19)","decl":{"start":{"line":247,"column":2},"end":{"line":247,"column":10}},"loc":{"start":{"line":247,"column":10},"end":{"line":267,"column":null}}}},"branchMap":{"0":{"loc":{"start":{"line":33,"column":4},"end":{"line":33,"column":60}},"type":"default-arg","locations":[{"start":{"line":33,"column":58},"end":{"line":33,"column":60}}]},"1":{"loc":{"start":{"line":142,"column":19},"end":{"line":142,"column":null}},"type":"cond-expr","locations":[{"start":{"line":142,"column":42},"end":{"line":142,"column":50}},{"start":{"line":142,"column":50},"end":{"line":142,"column":null}}]},"2":{"loc":{"start":{"line":157,"column":21},"end":{"line":157,"column":null}},"type":"cond-expr","locations":[{"start":{"line":157,"column":31},"end":{"line":157,"column":40}},{"start":{"line":157,"column":40},"end":{"line":157,"column":null}}]},"3":{"loc":{"start":{"line":158,"column":19},"end":{"line":160,"column":null}},"type":"cond-expr","locations":[{"start":{"line":159,"column":8},"end":{"line":159,"column":40}},{"start":{"line":160,"column":8},"end":{"line":160,"column":null}}]},"4":{"loc":{"start":{"line":169,"column":4},"end":{"line":171,"column":null}},"type":"if","locations":[{"start":{"line":169,"column":4},"end":{"line":171,"column":null}}]},"5":{"loc":{"start":{"line":185,"column":4},"end":{"line":187,"column":null}},"type":"if","locations":[{"start":{"line":185,"column":4},"end":{"line":187,"column":null}}]},"6":{"loc":{"start":{"line":189,"column":21},"end":{"line":189,"column":null}},"type":"cond-expr","locations":[{"start":{"line":189,"column":31},"end":{"line":189,"column":40}},{"start":{"line":189,"column":40},"end":{"line":189,"column":null}}]},"7":{"loc":{"start":{"line":190,"column":19},"end":{"line":192,"column":null}},"type":"cond-expr","locations":[{"start":{"line":191,"column":8},"end":{"line":191,"column":40}},{"start":{"line":192,"column":8},"end":{"line":192,"column":null}}]},"8":{"loc":{"start":{"line":194,"column":16},"end":{"line":194,"column":null}},"type":"cond-expr","locations":[{"start":{"line":194,"column":33},"end":{"line":194,"column":55}},{"start":{"line":194,"column":58},"end":{"line":194,"column":null}}]},"9":{"loc":{"start":{"line":208,"column":21},"end":{"line":208,"column":null}},"type":"cond-expr","locations":[{"start":{"line":208,"column":31},"end":{"line":208,"column":40}},{"start":{"line":208,"column":40},"end":{"line":208,"column":null}}]},"10":{"loc":{"start":{"line":209,"column":19},"end":{"line":211,"column":null}},"type":"cond-expr","locations":[{"start":{"line":210,"column":8},"end":{"line":210,"column":40}},{"start":{"line":211,"column":8},"end":{"line":211,"column":null}}]},"11":{"loc":{"start":{"line":223,"column":8},"end":{"line":225,"column":null}},"type":"if","locations":[{"start":{"line":223,"column":8},"end":{"line":225,"column":null}}]},"12":{"loc":{"start":{"line":226,"column":8},"end":{"line":228,"column":null}},"type":"if","locations":[{"start":{"line":226,"column":8},"end":{"line":228,"column":null}}]},"13":{"loc":{"start":{"line":229,"column":8},"end":{"line":231,"column":null}},"type":"if","locations":[{"start":{"line":229,"column":8},"end":{"line":231,"column":null}}]},"14":{"loc":{"start":{"line":240,"column":8},"end":{"line":242,"column":14}},"type":"cond-expr","locations":[{"start":{"line":241,"column":12},"end":{"line":241,"column":59}},{"start":{"line":242,"column":12},"end":{"line":242,"column":14}}]},"15":{"loc":{"start":{"line":259,"column":10},"end":{"line":261,"column":7}},"type":"binary-expr","locations":[{"start":{"line":259,"column":10},"end":{"line":259,"column":46}},{"start":{"line":259,"column":46},"end":{"line":261,"column":7}}]},"16":{"loc":{"start":{"line":262,"column":10},"end":{"line":264,"column":7}},"type":"binary-expr","locations":[{"start":{"line":262,"column":10},"end":{"line":262,"column":41}},{"start":{"line":262,"column":41},"end":{"line":264,"column":7}}]}},"s":{"0":45,"1":45,"2":45,"3":45,"4":45,"5":45,"6":45,"7":45,"8":45,"9":33,"10":33,"11":33,"12":33,"13":1,"14":1,"15":1,"16":1,"17":6,"18":6,"19":6,"20":7,"21":7,"22":7,"23":7,"24":1,"25":1,"26":1,"27":1,"28":1,"29":7,"30":7,"31":16,"32":16,"33":8,"34":8,"35":9,"36":9,"37":9,"38":9,"39":9,"40":9,"41":9,"42":9,"43":9,"44":9,"45":9,"46":9,"47":9,"48":9,"49":9,"50":9,"51":9,"52":9,"53":0,"54":8,"55":8,"56":8,"57":8,"58":8,"59":5,"60":8,"61":8,"62":8,"63":8,"64":23,"65":23,"66":23,"67":23,"68":23,"69":23,"70":23,"71":23,"72":45,"73":45,"74":40,"75":40,"76":9,"77":31,"78":8,"79":23,"80":23,"81":0,"82":45,"83":180,"84":45,"85":45,"86":45,"87":45},"f":{"0":45,"1":33,"2":1,"3":6,"4":7,"5":1,"6":7,"7":16,"8":8,"9":9,"10":9,"11":9,"12":8,"13":23,"14":45,"15":40,"16":45,"17":180,"18":45},"b":{"0":[42],"1":[1,8],"2":[2,7],"3":[5,4],"4":[9],"5":[5],"6":[4,4],"7":[2,6],"8":[5,3],"9":[3,20],"10":[7,16],"11":[9],"12":[8],"13":[23],"14":[39,141],"15":[45,36],"16":[45,26]}}
,"/Users/Alex.Nuttall/code/nhs-notify-web-template-management/utils/entity-update-command-builder/src/domain/entity-update-builder.ts": {"path":"/Users/Alex.Nuttall/code/nhs-notify-web-template-management/utils/entity-update-command-builder/src/domain/entity-update-builder.ts","statementMap":{"0":{"start":{"line":5,"column":13},"end":{"line":5,"column":null}},"1":{"start":{"line":1,"column":33},"end":{"line":1,"column":null}},"2":{"start":{"line":2,"column":37},"end":{"line":2,"column":null}},"3":{"start":{"line":13,"column":4},"end":{"line":17,"column":null}},"4":{"start":{"line":22,"column":4},"end":{"line":22,"column":null}}},"fnMap":{"0":{"name":"(anonymous_1)","decl":{"start":{"line":8,"column":2},"end":{"line":8,"column":null}},"loc":{"start":{"line":12,"column":4},"end":{"line":19,"column":null}}},"1":{"name":"(anonymous_2)","decl":{"start":{"line":21,"column":2},"end":{"line":21,"column":10}},"loc":{"start":{"line":21,"column":10},"end":{"line":23,"column":null}}}},"branchMap":{},"s":{"0":3,"1":2,"2":2,"3":6,"4":6},"f":{"0":6,"1":6},"b":{}}
}
