TN:
SF:src/template-update-builder.ts
FN:9,(anonymous_1)
FN:25,(anonymous_2)
FN:30,(anonymous_3)
FNF:3
FNH:3
FNDA:4,(anonymous_1)
FNDA:2,(anonymous_2)
FNDA:1,(anonymous_3)
DA:5,1
DA:8,4
DA:15,4
DA:26,2
DA:27,2
DA:31,1
DA:32,0
DA:33,0
DA:35,1
DA:36,1
LF:10
LH:8
BRDA:31,0,0,0
BRF:1
BRH:0
end_of_record
TN:
SF:src/common/condition-builder.ts
FN:13,(anonymous_1)
FN:27,(anonymous_2)
FN:41,(anonymous_3)
FN:62,(anonymous_4)
FN:82,(anonymous_5)
FN:86,(anonymous_6)
FN:105,(anonymous_7)
FN:121,(anonymous_8)
FN:137,(anonymous_9)
FNF:9
FNH:9
FNDA:13,(anonymous_1)
FNDA:24,(anonymous_2)
FNDA:11,(anonymous_3)
FNDA:13,(anonymous_4)
FNDA:61,(anonymous_5)
FNDA:13,(anonymous_6)
FNDA:11,(anonymous_7)
FNDA:37,(anonymous_8)
FNDA:59,(anonymous_9)
DA:10,59
DA:11,59
DA:19,13
DA:20,7
DA:21,7
DA:23,6
DA:24,6
DA:33,24
DA:34,17
DA:35,17
DA:37,7
DA:38,7
DA:48,11
DA:49,9
DA:50,9
DA:52,2
DA:59,2
DA:68,13
DA:69,6
DA:70,6
DA:72,7
DA:79,7
DA:83,61
DA:96,13
DA:112,11
DA:128,37
DA:138,59
LF:27
LH:27
BRDA:19,0,0,7
BRDA:33,1,0,17
BRDA:48,2,0,9
BRDA:57,3,0,2
BRDA:57,3,1,1
BRDA:68,4,0,6
BRDA:77,5,0,7
BRDA:77,5,1,4
BRDA:101,6,0,13
BRDA:101,6,1,10
BRDA:117,7,0,11
BRDA:117,7,1,5
BRDA:133,8,0,37
BRDA:133,8,1,30
BRF:14
BRH:14
end_of_record
TN:
SF:src/common/update-command-builder.ts
FN:29,(anonymous_1)
FN:36,(anonymous_2)
FN:47,(anonymous_3)
FN:58,(anonymous_4)
FN:64,(anonymous_5)
FN:75,(anonymous_6)
FN:87,(anonymous_7)
FN:97,(anonymous_8)
FN:107,(anonymous_9)
FN:124,(anonymous_10)
FN:134,(anonymous_11)
FN:165,(anonymous_12)
FN:175,(anonymous_13)
FN:199,(anonymous_14)
FN:216,(anonymous_15)
FN:220,(anonymous_16)
FN:237,(anonymous_17)
FN:239,(anonymous_18)
FN:247,(anonymous_19)
FNF:19
FNH:19
FNDA:45,(anonymous_1)
FNDA:33,(anonymous_2)
FNDA:1,(anonymous_3)
FNDA:6,(anonymous_4)
FNDA:7,(anonymous_5)
FNDA:1,(anonymous_6)
FNDA:7,(anonymous_7)
FNDA:16,(anonymous_8)
FNDA:8,(anonymous_9)
FNDA:9,(anonymous_10)
FNDA:9,(anonymous_11)
FNDA:9,(anonymous_12)
FNDA:8,(anonymous_13)
FNDA:23,(anonymous_14)
FNDA:45,(anonymous_15)
FNDA:40,(anonymous_16)
FNDA:45,(anonymous_17)
FNDA:180,(anonymous_18)
FNDA:45,(anonymous_19)
DA:15,45
DA:16,45
DA:23,45
DA:25,45
DA:27,45
DA:30,45
DA:31,45
DA:32,45
DA:33,45
DA:40,33
DA:41,33
DA:42,33
DA:44,33
DA:51,1
DA:52,1
DA:53,1
DA:55,1
DA:59,6
DA:60,6
DA:61,6
DA:68,7
DA:69,7
DA:70,7
DA:72,7
DA:79,1
DA:80,1
DA:81,1
DA:82,1
DA:84,1
DA:93,7
DA:94,7
DA:103,16
DA:104,16
DA:114,8
DA:121,8
DA:130,9
DA:131,9
DA:138,9
DA:140,9
DA:142,9
DA:144,9
DA:145,9
DA:147,9
DA:149,9
DA:150,9
DA:151,9
DA:152,9
DA:154,9
DA:157,9
DA:158,9
DA:162,9
DA:169,9
DA:170,9
DA:172,0
DA:177,8
DA:179,8
DA:181,8
DA:183,8
DA:185,8
DA:186,5
DA:189,8
DA:190,8
DA:194,8
DA:196,8
DA:200,23
DA:202,23
DA:203,23
DA:205,23
DA:206,23
DA:208,23
DA:209,23
DA:213,23
DA:217,45
DA:219,45
DA:221,40
DA:223,40
DA:224,9
DA:226,31
DA:227,8
DA:229,23
DA:230,23
DA:232,0
DA:238,45
DA:240,180
DA:248,45
DA:249,45
DA:252,45
DA:254,45
LF:88
LH:86
BRDA:33,0,0,42
BRDA:142,1,0,1
BRDA:142,1,1,8
BRDA:157,2,0,2
BRDA:157,2,1,7
BRDA:158,3,0,5
BRDA:158,3,1,4
BRDA:169,4,0,9
BRDA:185,5,0,5
BRDA:189,6,0,4
BRDA:189,6,1,4
BRDA:190,7,0,2
BRDA:190,7,1,6
BRDA:194,8,0,5
BRDA:194,8,1,3
BRDA:208,9,0,3
BRDA:208,9,1,20
BRDA:209,10,0,7
BRDA:209,10,1,16
BRDA:223,11,0,9
BRDA:226,12,0,8
BRDA:229,13,0,23
BRDA:240,14,0,39
BRDA:240,14,1,141
BRDA:259,15,0,45
BRDA:259,15,1,36
BRDA:262,16,0,45
BRDA:262,16,1,26
BRF:28
BRH:28
end_of_record
TN:
SF:src/domain/entity-update-builder.ts
FN:8,(anonymous_1)
FN:21,(anonymous_2)
FNF:2
FNH:2
FNDA:6,(anonymous_1)
FNDA:6,(anonymous_2)
DA:1,2
DA:2,2
DA:5,3
DA:13,6
DA:22,6
LF:5
LH:5
BRF:0
BRH:0
end_of_record
