{"/Users/benjamin.hansell/projects/nhs-notify-web-template-management/lambdas/backend-client/src/error-cases.ts": {"path":"/Users/benjamin.hansell/projects/nhs-notify-web-template-management/lambdas/backend-client/src/error-cases.ts","statementMap":{"0":{"start":{"line":2,"column":7},"end":{"line":10,"column":null}},"1":{"start":{"line":2,"column":12},"end":{"line":2,"column":null}}},"fnMap":{"0":{"name":"(anonymous_0)","decl":{"start":{"line":2,"column":7},"end":{"line":2,"column":12}},"loc":{"start":{"line":2,"column":12},"end":{"line":10,"column":null}}}},"branchMap":{},"s":{"0":0,"1":0},"f":{"0":0},"b":{}}
,"/Users/benjamin.hansell/projects/nhs-notify-web-template-management/lambdas/backend-client/src/template-client.ts": {"path":"/Users/benjamin.hansell/projects/nhs-notify-web-template-management/lambdas/backend-client/src/template-client.ts","statementMap":{"0":{"start":{"line":10,"column":30},"end":{"line":12,"column":null}},"1":{"start":{"line":14,"column":23},"end":{"line":26,"column":null}},"2":{"start":{"line":15,"column":19},"end":{"line":22,"column":null}},"3":{"start":{"line":25,"column":2},"end":{"line":25,"column":null}},"4":{"start":{"line":28,"column":23},"end":{"line":40,"column":null}},"5":{"start":{"line":29,"column":19},"end":{"line":36,"column":null}},"6":{"start":{"line":39,"column":2},"end":{"line":39,"column":null}},"7":{"start":{"line":42,"column":20},"end":{"line":53,"column":null}},"8":{"start":{"line":43,"column":19},"end":{"line":49,"column":null}},"9":{"start":{"line":52,"column":2},"end":{"line":52,"column":null}},"10":{"start":{"line":55,"column":47},"end":{"line":59,"column":2}}},"fnMap":{"0":{"name":"(anonymous_0)","decl":{"start":{"line":14,"column":23},"end":{"line":14,"column":30}},"loc":{"start":{"line":14,"column":61},"end":{"line":26,"column":null}}},"1":{"name":"(anonymous_1)","decl":{"start":{"line":28,"column":23},"end":{"line":28,"column":30}},"loc":{"start":{"line":28,"column":61},"end":{"line":40,"column":null}}},"2":{"name":"(anonymous_2)","decl":{"start":{"line":42,"column":20},"end":{"line":42,"column":27}},"loc":{"start":{"line":42,"column":47},"end":{"line":53,"column":null}}}},"branchMap":{},"s":{"0":0,"1":0,"2":0,"3":0,"4":0,"5":0,"6":0,"7":0,"8":0,"9":0,"10":0},"f":{"0":0,"1":0,"2":0},"b":{}}
,"/Users/benjamin.hansell/projects/nhs-notify-web-template-management/lambdas/backend-client/src/types/result.ts": {"path":"/Users/benjamin.hansell/projects/nhs-notify-web-template-management/lambdas/backend-client/src/types/result.ts","statementMap":{"0":{"start":{"line":15,"column":23},"end":{"line":25,"column":3}},"1":{"start":{"line":19,"column":21},"end":{"line":25,"column":3}},"2":{"start":{"line":27,"column":23},"end":{"line":27,"column":68}},"3":{"start":{"line":27,"column":58},"end":{"line":27,"column":68}}},"fnMap":{"0":{"name":"(anonymous_0)","decl":{"start":{"line":15,"column":23},"end":{"line":15,"column":null}},"loc":{"start":{"line":19,"column":21},"end":{"line":25,"column":3}}},"1":{"name":"(anonymous_1)","decl":{"start":{"line":27,"column":23},"end":{"line":27,"column":27}},"loc":{"start":{"line":27,"column":58},"end":{"line":27,"column":68}}}},"branchMap":{},"s":{"0":0,"1":0,"2":0,"3":0},"f":{"0":0,"1":0},"b":{}}
,"/Users/benjamin.hansell/projects/nhs-notify-web-template-management/lambdas/backend-client/src/types/template.ts": {"path":"/Users/benjamin.hansell/projects/nhs-notify-web-template-management/lambdas/backend-client/src/types/template.ts","statementMap":{"0":{"start":{"line":1,"column":7},"end":{"line":6,"column":null}},"1":{"start":{"line":1,"column":12},"end":{"line":1,"column":null}},"2":{"start":{"line":8,"column":7},"end":{"line":11,"column":null}},"3":{"start":{"line":8,"column":12},"end":{"line":8,"column":null}}},"fnMap":{"0":{"name":"(anonymous_0)","decl":{"start":{"line":1,"column":7},"end":{"line":1,"column":11}},"loc":{"start":{"line":1,"column":12},"end":{"line":6,"column":null}}},"1":{"name":"(anonymous_1)","decl":{"start":{"line":8,"column":7},"end":{"line":8,"column":11}},"loc":{"start":{"line":8,"column":12},"end":{"line":11,"column":null}}}},"branchMap":{},"s":{"0":0,"1":0,"2":0,"3":0},"f":{"0":0,"1":0},"b":{}}
}
