{"/Users/benjamin.hansell/projects/nhs-notify-web-template-management/lambdas/endpoint/src/index.ts": {"path":"/Users/benjamin.hansell/projects/nhs-notify-web-template-management/lambdas/endpoint/src/index.ts","statementMap":{"0":{"start":{"line":9,"column":13},"end":{"line":9,"column":47}},"1":{"start":{"line":2,"column":31},"end":{"line":2,"column":null}},"2":{"start":{"line":3,"column":51},"end":{"line":3,"column":null}},"3":{"start":{"line":5,"column":15},"end":{"line":6,"column":null}},"4":{"start":{"line":9,"column":47},"end":{"line":27,"column":null}},"5":{"start":{"line":10,"column":2},"end":{"line":18,"column":null}},"6":{"start":{"line":21,"column":2},"end":{"line":21,"column":null}},"7":{"start":{"line":23,"column":2},"end":{"line":26,"column":null}}},"fnMap":{"0":{"name":"(anonymous_1)","decl":{"start":{"line":9,"column":47},"end":{"line":9,"column":54}},"loc":{"start":{"line":9,"column":54},"end":{"line":27,"column":null}}}},"branchMap":{"0":{"loc":{"start":{"line":12,"column":17},"end":{"line":12,"column":null}},"type":"binary-expr","locations":[{"start":{"line":12,"column":17},"end":{"line":12,"column":49}},{"start":{"line":12,"column":53},"end":{"line":12,"column":null}}]}},"s":{"0":1,"1":1,"2":1,"3":1,"4":1,"5":1,"6":1,"7":1},"f":{"0":1},"b":{"0":[1,1]}}
,"/Users/benjamin.hansell/projects/nhs-notify-web-template-management/lambdas/endpoint/src/templates/api/create.ts": {"path":"/Users/benjamin.hansell/projects/nhs-notify-web-template-management/lambdas/endpoint/src/templates/api/create.ts","statementMap":{"0":{"start":{"line":5,"column":13},"end":{"line":5,"column":47}},"1":{"start":{"line":2,"column":33},"end":{"line":2,"column":null}},"2":{"start":{"line":3,"column":31},"end":{"line":3,"column":null}},"3":{"start":{"line":5,"column":47},"end":{"line":21,"column":null}},"4":{"start":{"line":6,"column":16},"end":{"line":6,"column":43}},"5":{"start":{"line":8,"column":14},"end":{"line":8,"column":null}},"6":{"start":{"line":10,"column":2},"end":{"line":12,"column":null}},"7":{"start":{"line":11,"column":4},"end":{"line":11,"column":null}},"8":{"start":{"line":14,"column":25},"end":{"line":14,"column":null}},"9":{"start":{"line":16,"column":2},"end":{"line":18,"column":null}},"10":{"start":{"line":17,"column":4},"end":{"line":17,"column":null}},"11":{"start":{"line":20,"column":2},"end":{"line":20,"column":null}}},"fnMap":{"0":{"name":"(anonymous_1)","decl":{"start":{"line":5,"column":47},"end":{"line":5,"column":54}},"loc":{"start":{"line":5,"column":54},"end":{"line":21,"column":null}}}},"branchMap":{"0":{"loc":{"start":{"line":8,"column":25},"end":{"line":8,"column":null}},"type":"binary-expr","locations":[{"start":{"line":8,"column":25},"end":{"line":8,"column":35}},{"start":{"line":8,"column":39},"end":{"line":8,"column":null}}]},"1":{"loc":{"start":{"line":10,"column":2},"end":{"line":12,"column":null}},"type":"if","locations":[{"start":{"line":10,"column":2},"end":{"line":12,"column":null}}]},"2":{"loc":{"start":{"line":16,"column":2},"end":{"line":18,"column":null}},"type":"if","locations":[{"start":{"line":16,"column":2},"end":{"line":18,"column":null}}]}},"s":{"0":4,"1":1,"2":1,"3":1,"4":4,"5":4,"6":4,"7":1,"8":3,"9":3,"10":2,"11":1},"f":{"0":4},"b":{"0":[4,1],"1":[1],"2":[2]}}
,"/Users/benjamin.hansell/projects/nhs-notify-web-template-management/lambdas/endpoint/src/templates/api/get.ts": {"path":"/Users/benjamin.hansell/projects/nhs-notify-web-template-management/lambdas/endpoint/src/templates/api/get.ts","statementMap":{"0":{"start":{"line":5,"column":13},"end":{"line":5,"column":47}},"1":{"start":{"line":2,"column":33},"end":{"line":2,"column":null}},"2":{"start":{"line":3,"column":28},"end":{"line":3,"column":null}},"3":{"start":{"line":5,"column":47},"end":{"line":21,"column":null}},"4":{"start":{"line":6,"column":16},"end":{"line":6,"column":43}},"5":{"start":{"line":8,"column":21},"end":{"line":8,"column":null}},"6":{"start":{"line":10,"column":2},"end":{"line":12,"column":null}},"7":{"start":{"line":11,"column":4},"end":{"line":11,"column":null}},"8":{"start":{"line":14,"column":25},"end":{"line":14,"column":null}},"9":{"start":{"line":16,"column":2},"end":{"line":18,"column":null}},"10":{"start":{"line":17,"column":4},"end":{"line":17,"column":null}},"11":{"start":{"line":20,"column":2},"end":{"line":20,"column":null}}},"fnMap":{"0":{"name":"(anonymous_1)","decl":{"start":{"line":5,"column":47},"end":{"line":5,"column":54}},"loc":{"start":{"line":5,"column":54},"end":{"line":21,"column":null}}}},"branchMap":{"0":{"loc":{"start":{"line":10,"column":2},"end":{"line":12,"column":null}},"type":"if","locations":[{"start":{"line":10,"column":2},"end":{"line":12,"column":null}}]},"1":{"loc":{"start":{"line":10,"column":6},"end":{"line":10,"column":29}},"type":"binary-expr","locations":[{"start":{"line":10,"column":6},"end":{"line":10,"column":16}},{"start":{"line":10,"column":16},"end":{"line":10,"column":29}}]},"2":{"loc":{"start":{"line":16,"column":2},"end":{"line":18,"column":null}},"type":"if","locations":[{"start":{"line":16,"column":2},"end":{"line":18,"column":null}}]}},"s":{"0":4,"1":1,"2":1,"3":1,"4":4,"5":4,"6":4,"7":2,"8":2,"9":2,"10":1,"11":1},"f":{"0":4},"b":{"0":[2],"1":[4,3],"2":[1]}}
,"/Users/benjamin.hansell/projects/nhs-notify-web-template-management/lambdas/endpoint/src/templates/api/responses.ts": {"path":"/Users/benjamin.hansell/projects/nhs-notify-web-template-management/lambdas/endpoint/src/templates/api/responses.ts","statementMap":{"0":{"start":{"line":8,"column":13},"end":{"line":8,"column":20}},"1":{"start":{"line":3,"column":13},"end":{"line":3,"column":20}},"2":{"start":{"line":3,"column":23},"end":{"line":6,"column":null}},"3":{"start":{"line":3,"column":71},"end":{"line":6,"column":null}},"4":{"start":{"line":8,"column":23},"end":{"line":11,"column":null}},"5":{"start":{"line":8,"column":74},"end":{"line":11,"column":null}}},"fnMap":{"0":{"name":"(anonymous_3)","decl":{"start":{"line":3,"column":23},"end":{"line":3,"column":24}},"loc":{"start":{"line":3,"column":71},"end":{"line":6,"column":null}}},"1":{"name":"(anonymous_4)","decl":{"start":{"line":8,"column":23},"end":{"line":8,"column":24}},"loc":{"start":{"line":8,"column":74},"end":{"line":11,"column":null}}}},"branchMap":{},"s":{"0":9,"1":3,"2":3,"3":3,"4":3,"5":9},"f":{"0":3,"1":9},"b":{}}
,"/Users/benjamin.hansell/projects/nhs-notify-web-template-management/lambdas/endpoint/src/templates/api/update.ts": {"path":"/Users/benjamin.hansell/projects/nhs-notify-web-template-management/lambdas/endpoint/src/templates/api/update.ts","statementMap":{"0":{"start":{"line":5,"column":13},"end":{"line":5,"column":47}},"1":{"start":{"line":2,"column":33},"end":{"line":2,"column":null}},"2":{"start":{"line":3,"column":31},"end":{"line":3,"column":null}},"3":{"start":{"line":5,"column":47},"end":{"line":21,"column":null}},"4":{"start":{"line":6,"column":16},"end":{"line":6,"column":43}},"5":{"start":{"line":8,"column":14},"end":{"line":8,"column":null}},"6":{"start":{"line":10,"column":2},"end":{"line":12,"column":null}},"7":{"start":{"line":11,"column":4},"end":{"line":11,"column":null}},"8":{"start":{"line":14,"column":25},"end":{"line":14,"column":null}},"9":{"start":{"line":16,"column":2},"end":{"line":18,"column":null}},"10":{"start":{"line":17,"column":4},"end":{"line":17,"column":null}},"11":{"start":{"line":20,"column":2},"end":{"line":20,"column":null}}},"fnMap":{"0":{"name":"(anonymous_1)","decl":{"start":{"line":5,"column":47},"end":{"line":5,"column":54}},"loc":{"start":{"line":5,"column":54},"end":{"line":21,"column":null}}}},"branchMap":{"0":{"loc":{"start":{"line":8,"column":25},"end":{"line":8,"column":null}},"type":"binary-expr","locations":[{"start":{"line":8,"column":25},"end":{"line":8,"column":35}},{"start":{"line":8,"column":39},"end":{"line":8,"column":null}}]},"1":{"loc":{"start":{"line":10,"column":2},"end":{"line":12,"column":null}},"type":"if","locations":[{"start":{"line":10,"column":2},"end":{"line":12,"column":null}}]},"2":{"loc":{"start":{"line":16,"column":2},"end":{"line":18,"column":null}},"type":"if","locations":[{"start":{"line":16,"column":2},"end":{"line":18,"column":null}}]}},"s":{"0":4,"1":1,"2":1,"3":1,"4":4,"5":4,"6":4,"7":1,"8":3,"9":3,"10":2,"11":1},"f":{"0":4},"b":{"0":[4,1],"1":[1],"2":[2]}}
,"/Users/benjamin.hansell/projects/nhs-notify-web-template-management/lambdas/endpoint/src/templates/app/create-template.ts": {"path":"/Users/benjamin.hansell/projects/nhs-notify-web-template-management/lambdas/endpoint/src/templates/app/create-template.ts","statementMap":{"0":{"start":{"line":6,"column":13},"end":{"line":6,"column":65}},"1":{"start":{"line":1,"column":41},"end":{"line":1,"column":null}},"2":{"start":{"line":2,"column":58},"end":{"line":2,"column":null}},"3":{"start":{"line":3,"column":31},"end":{"line":3,"column":null}},"4":{"start":{"line":4,"column":33},"end":{"line":4,"column":null}},"5":{"start":{"line":6,"column":65},"end":{"line":50,"column":null}},"6":{"start":{"line":10,"column":21},"end":{"line":10,"column":null}},"7":{"start":{"line":12,"column":2},"end":{"line":18,"column":null}},"8":{"start":{"line":13,"column":4},"end":{"line":15,"column":null}},"9":{"start":{"line":17,"column":4},"end":{"line":17,"column":null}},"10":{"start":{"line":20,"column":14},"end":{"line":23,"column":null}},"11":{"start":{"line":25,"column":27},"end":{"line":25,"column":null}},"12":{"start":{"line":27,"column":2},"end":{"line":34,"column":null}},"13":{"start":{"line":28,"column":4},"end":{"line":31,"column":null}},"14":{"start":{"line":33,"column":4},"end":{"line":33,"column":null}},"15":{"start":{"line":36,"column":23},"end":{"line":38,"column":null}},"16":{"start":{"line":41,"column":2},"end":{"line":47,"column":null}},"17":{"start":{"line":42,"column":4},"end":{"line":44,"column":null}},"18":{"start":{"line":46,"column":4},"end":{"line":46,"column":null}},"19":{"start":{"line":49,"column":2},"end":{"line":49,"column":null}}},"fnMap":{"0":{"name":"(anonymous_1)","decl":{"start":{"line":6,"column":65},"end":{"line":6,"column":null}},"loc":{"start":{"line":8,"column":2},"end":{"line":50,"column":null}}}},"branchMap":{"0":{"loc":{"start":{"line":12,"column":2},"end":{"line":18,"column":null}},"type":"if","locations":[{"start":{"line":12,"column":2},"end":{"line":18,"column":null}}]},"1":{"loc":{"start":{"line":27,"column":2},"end":{"line":34,"column":null}},"type":"if","locations":[{"start":{"line":27,"column":2},"end":{"line":34,"column":null}}]},"2":{"loc":{"start":{"line":41,"column":2},"end":{"line":47,"column":null}},"type":"if","locations":[{"start":{"line":41,"column":2},"end":{"line":47,"column":null}}]}},"s":{"0":5,"1":2,"2":2,"3":2,"4":2,"5":2,"6":4,"7":4,"8":1,"9":1,"10":3,"11":3,"12":3,"13":1,"14":1,"15":2,"16":2,"17":1,"18":1,"19":1},"f":{"0":4},"b":{"0":[1],"1":[1],"2":[1]}}
,"/Users/benjamin.hansell/projects/nhs-notify-web-template-management/lambdas/endpoint/src/templates/app/get-template.ts": {"path":"/Users/benjamin.hansell/projects/nhs-notify-web-template-management/lambdas/endpoint/src/templates/app/get-template.ts","statementMap":{"0":{"start":{"line":6,"column":13},"end":{"line":6,"column":59}},"1":{"start":{"line":1,"column":41},"end":{"line":1,"column":null}},"2":{"start":{"line":2,"column":35},"end":{"line":2,"column":null}},"3":{"start":{"line":3,"column":31},"end":{"line":3,"column":null}},"4":{"start":{"line":4,"column":23},"end":{"line":4,"column":null}},"5":{"start":{"line":6,"column":59},"end":{"line":38,"column":null}},"6":{"start":{"line":10,"column":21},"end":{"line":10,"column":null}},"7":{"start":{"line":12,"column":2},"end":{"line":19,"column":null}},"8":{"start":{"line":13,"column":4},"end":{"line":16,"column":null}},"9":{"start":{"line":18,"column":4},"end":{"line":18,"column":null}},"10":{"start":{"line":21,"column":14},"end":{"line":24,"column":null}},"11":{"start":{"line":26,"column":20},"end":{"line":28,"column":null}},"12":{"start":{"line":31,"column":2},"end":{"line":35,"column":null}},"13":{"start":{"line":32,"column":4},"end":{"line":32,"column":null}},"14":{"start":{"line":34,"column":4},"end":{"line":34,"column":null}},"15":{"start":{"line":37,"column":2},"end":{"line":37,"column":null}}},"fnMap":{"0":{"name":"(anonymous_1)","decl":{"start":{"line":6,"column":59},"end":{"line":6,"column":null}},"loc":{"start":{"line":8,"column":2},"end":{"line":38,"column":null}}}},"branchMap":{"0":{"loc":{"start":{"line":12,"column":2},"end":{"line":19,"column":null}},"type":"if","locations":[{"start":{"line":12,"column":2},"end":{"line":19,"column":null}}]},"1":{"loc":{"start":{"line":31,"column":2},"end":{"line":35,"column":null}},"type":"if","locations":[{"start":{"line":31,"column":2},"end":{"line":35,"column":null}}]}},"s":{"0":4,"1":2,"2":2,"3":2,"4":2,"5":2,"6":3,"7":3,"8":1,"9":1,"10":2,"11":2,"12":2,"13":1,"14":1,"15":1},"f":{"0":3},"b":{"0":[1],"1":[1]}}
,"/Users/benjamin.hansell/projects/nhs-notify-web-template-management/lambdas/endpoint/src/templates/app/update-template.ts": {"path":"/Users/benjamin.hansell/projects/nhs-notify-web-template-management/lambdas/endpoint/src/templates/app/update-template.ts","statementMap":{"0":{"start":{"line":6,"column":13},"end":{"line":6,"column":65}},"1":{"start":{"line":1,"column":41},"end":{"line":1,"column":null}},"2":{"start":{"line":2,"column":58},"end":{"line":2,"column":null}},"3":{"start":{"line":3,"column":31},"end":{"line":3,"column":null}},"4":{"start":{"line":4,"column":33},"end":{"line":4,"column":null}},"5":{"start":{"line":6,"column":65},"end":{"line":46,"column":null}},"6":{"start":{"line":10,"column":21},"end":{"line":10,"column":null}},"7":{"start":{"line":12,"column":2},"end":{"line":19,"column":null}},"8":{"start":{"line":13,"column":4},"end":{"line":16,"column":null}},"9":{"start":{"line":18,"column":4},"end":{"line":18,"column":null}},"10":{"start":{"line":21,"column":14},"end":{"line":24,"column":null}},"11":{"start":{"line":26,"column":27},"end":{"line":26,"column":null}},"12":{"start":{"line":28,"column":2},"end":{"line":32,"column":null}},"13":{"start":{"line":29,"column":4},"end":{"line":29,"column":null}},"14":{"start":{"line":31,"column":4},"end":{"line":31,"column":null}},"15":{"start":{"line":34,"column":23},"end":{"line":36,"column":null}},"16":{"start":{"line":39,"column":2},"end":{"line":43,"column":null}},"17":{"start":{"line":40,"column":4},"end":{"line":40,"column":null}},"18":{"start":{"line":42,"column":4},"end":{"line":42,"column":null}},"19":{"start":{"line":45,"column":2},"end":{"line":45,"column":null}}},"fnMap":{"0":{"name":"(anonymous_1)","decl":{"start":{"line":6,"column":65},"end":{"line":6,"column":null}},"loc":{"start":{"line":8,"column":2},"end":{"line":46,"column":null}}}},"branchMap":{"0":{"loc":{"start":{"line":12,"column":2},"end":{"line":19,"column":null}},"type":"if","locations":[{"start":{"line":12,"column":2},"end":{"line":19,"column":null}}]},"1":{"loc":{"start":{"line":28,"column":2},"end":{"line":32,"column":null}},"type":"if","locations":[{"start":{"line":28,"column":2},"end":{"line":32,"column":null}}]},"2":{"loc":{"start":{"line":39,"column":2},"end":{"line":43,"column":null}},"type":"if","locations":[{"start":{"line":39,"column":2},"end":{"line":43,"column":null}}]}},"s":{"0":5,"1":2,"2":2,"3":2,"4":2,"5":2,"6":4,"7":4,"8":1,"9":1,"10":3,"11":3,"12":3,"13":1,"14":1,"15":2,"16":2,"17":1,"18":1,"19":1},"f":{"0":4},"b":{"0":[1],"1":[1],"2":[1]}}
,"/Users/benjamin.hansell/projects/nhs-notify-web-template-management/lambdas/endpoint/src/templates/domain/template/index.ts": {"path":"/Users/benjamin.hansell/projects/nhs-notify-web-template-management/lambdas/endpoint/src/templates/domain/template/index.ts","statementMap":{"0":{"start":{"line":1,"column":14},"end":{"line":1,"column":null}},"1":{"start":{"line":2,"column":14},"end":{"line":2,"column":null}},"2":{"start":{"line":3,"column":14},"end":{"line":3,"column":null}}},"fnMap":{},"branchMap":{},"s":{"0":8,"1":8,"2":8},"f":{},"b":{}}
,"/Users/benjamin.hansell/projects/nhs-notify-web-template-management/lambdas/endpoint/src/templates/domain/template/template-repository.ts": {"path":"/Users/benjamin.hansell/projects/nhs-notify-web-template-management/lambdas/endpoint/src/templates/domain/template/template-repository.ts","statementMap":{"0":{"start":{"line":155,"column":13},"end":{"line":155,"column":34}},"1":{"start":{"line":9,"column":7},"end":{"line":9,"column":null}},"2":{"start":{"line":14,"column":7},"end":{"line":14,"column":null}},"3":{"start":{"line":21,"column":7},"end":{"line":21,"column":null}},"4":{"start":{"line":22,"column":29},"end":{"line":22,"column":null}},"5":{"start":{"line":25,"column":15},"end":{"line":29,"column":null}},"6":{"start":{"line":32,"column":12},"end":{"line":55,"column":null}},"7":{"start":{"line":36,"column":2},"end":{"line":54,"column":null}},"8":{"start":{"line":37,"column":21},"end":{"line":44,"column":null}},"9":{"start":{"line":47,"column":4},"end":{"line":49,"column":null}},"10":{"start":{"line":48,"column":6},"end":{"line":48,"column":null}},"11":{"start":{"line":51,"column":4},"end":{"line":51,"column":null}},"12":{"start":{"line":53,"column":4},"end":{"line":53,"column":null}},"13":{"start":{"line":57,"column":15},"end":{"line":99,"column":null}},"14":{"start":{"line":61,"column":27},"end":{"line":69,"column":null}},"15":{"start":{"line":71,"column":2},"end":{"line":98,"column":null}},"16":{"start":{"line":72,"column":21},"end":{"line":77,"column":null}},"17":{"start":{"line":80,"column":26},"end":{"line":80,"column":null}},"18":{"start":{"line":85,"column":4},"end":{"line":89,"column":null}},"19":{"start":{"line":86,"column":6},"end":{"line":88,"column":null}},"20":{"start":{"line":91,"column":4},"end":{"line":91,"column":null}},"21":{"start":{"line":93,"column":4},"end":{"line":96,"column":null}},"22":{"start":{"line":101,"column":15},"end":{"line":153,"column":null}},"23":{"start":{"line":105,"column":36},"end":{"line":128,"column":null}},"24":{"start":{"line":130,"column":2},"end":{"line":152,"column":null}},"25":{"start":{"line":131,"column":21},"end":{"line":131,"column":null}},"26":{"start":{"line":133,"column":4},"end":{"line":133,"column":null}},"27":{"start":{"line":135,"column":4},"end":{"line":141,"column":null}},"28":{"start":{"line":136,"column":6},"end":{"line":139,"column":null}},"29":{"start":{"line":143,"column":4},"end":{"line":145,"column":null}},"30":{"start":{"line":144,"column":6},"end":{"line":144,"column":null}},"31":{"start":{"line":147,"column":4},"end":{"line":150,"column":null}},"32":{"start":{"line":155,"column":34},"end":{"line":159,"column":null}}},"fnMap":{"0":{"name":"(anonymous_1)","decl":{"start":{"line":32,"column":12},"end":{"line":32,"column":null}},"loc":{"start":{"line":34,"column":2},"end":{"line":55,"column":null}}},"1":{"name":"(anonymous_2)","decl":{"start":{"line":57,"column":15},"end":{"line":57,"column":null}},"loc":{"start":{"line":59,"column":2},"end":{"line":99,"column":null}}},"2":{"name":"(anonymous_3)","decl":{"start":{"line":101,"column":15},"end":{"line":101,"column":null}},"loc":{"start":{"line":103,"column":2},"end":{"line":153,"column":null}}}},"branchMap":{"0":{"loc":{"start":{"line":47,"column":4},"end":{"line":49,"column":null}},"type":"if","locations":[{"start":{"line":47,"column":4},"end":{"line":49,"column":null}}]},"1":{"loc":{"start":{"line":80,"column":26},"end":{"line":80,"column":null}},"type":"binary-expr","locations":[{"start":{"line":80,"column":26},"end":{"line":80,"column":71}},{"start":{"line":80,"column":71},"end":{"line":80,"column":null}}]},"2":{"loc":{"start":{"line":85,"column":4},"end":{"line":89,"column":null}},"type":"if","locations":[{"start":{"line":85,"column":4},"end":{"line":89,"column":null}}]},"3":{"loc":{"start":{"line":135,"column":4},"end":{"line":141,"column":null}},"type":"if","locations":[{"start":{"line":135,"column":4},"end":{"line":141,"column":null}}]},"4":{"loc":{"start":{"line":143,"column":4},"end":{"line":145,"column":null}},"type":"if","locations":[{"start":{"line":143,"column":4},"end":{"line":145,"column":null}}]}},"s":{"0":14,"1":8,"2":8,"3":8,"4":8,"5":8,"6":8,"7":4,"8":4,"9":3,"10":2,"11":1,"12":1,"13":8,"14":3,"15":3,"16":3,"17":2,"18":2,"19":1,"20":1,"21":2,"22":8,"23":4,"24":4,"25":4,"26":1,"27":3,"28":1,"29":2,"30":1,"31":1,"32":8},"f":{"0":4,"1":3,"2":4},"b":{"0":[2],"1":[2,1],"2":[1],"3":[1],"4":[1]}}
,"/Users/benjamin.hansell/projects/nhs-notify-web-template-management/lambdas/endpoint/src/templates/domain/template/template-schema.ts": {"path":"/Users/benjamin.hansell/projects/nhs-notify-web-template-management/lambdas/endpoint/src/templates/domain/template/template-schema.ts","statementMap":{"0":{"start":{"line":25,"column":13},"end":{"line":25,"column":34}},"1":{"start":{"line":30,"column":13},"end":{"line":30,"column":34}},"2":{"start":{"line":1,"column":18},"end":{"line":1,"column":null}},"3":{"start":{"line":7,"column":7},"end":{"line":7,"column":null}},"4":{"start":{"line":8,"column":26},"end":{"line":8,"column":null}},"5":{"start":{"line":10,"column":18},"end":{"line":15,"column":null}},"6":{"start":{"line":18,"column":23},"end":{"line":22,"column":null}},"7":{"start":{"line":25,"column":37},"end":{"line":28,"column":null}},"8":{"start":{"line":30,"column":37},"end":{"line":43,"column":null}}},"fnMap":{},"branchMap":{},"s":{"0":11,"1":6,"2":8,"3":8,"4":8,"5":8,"6":8,"7":8,"8":8},"f":{},"b":{}}
,"/Users/benjamin.hansell/projects/nhs-notify-web-template-management/lambdas/endpoint/src/templates/domain/user/index.ts": {"path":"/Users/benjamin.hansell/projects/nhs-notify-web-template-management/lambdas/endpoint/src/templates/domain/user/index.ts","statementMap":{"0":{"start":{"line":1,"column":14},"end":{"line":1,"column":null}},"1":{"start":{"line":2,"column":14},"end":{"line":2,"column":null}},"2":{"start":{"line":3,"column":14},"end":{"line":3,"column":null}}},"fnMap":{},"branchMap":{},"s":{"0":7,"1":7,"2":7},"f":{},"b":{}}
,"/Users/benjamin.hansell/projects/nhs-notify-web-template-management/lambdas/endpoint/src/templates/domain/user/user-repository.ts": {"path":"/Users/benjamin.hansell/projects/nhs-notify-web-template-management/lambdas/endpoint/src/templates/domain/user/user-repository.ts","statementMap":{"0":{"start":{"line":28,"column":13},"end":{"line":28,"column":30}},"1":{"start":{"line":1,"column":23},"end":{"line":1,"column":null}},"2":{"start":{"line":7,"column":7},"end":{"line":7,"column":null}},"3":{"start":{"line":8,"column":25},"end":{"line":8,"column":null}},"4":{"start":{"line":10,"column":22},"end":{"line":10,"column":null}},"5":{"start":{"line":12,"column":16},"end":{"line":26,"column":null}},"6":{"start":{"line":13,"column":18},"end":{"line":13,"column":null}},"7":{"start":{"line":15,"column":26},"end":{"line":15,"column":null}},"8":{"start":{"line":17,"column":2},"end":{"line":23,"column":null}},"9":{"start":{"line":18,"column":4},"end":{"line":21,"column":null}},"10":{"start":{"line":25,"column":2},"end":{"line":25,"column":null}},"11":{"start":{"line":28,"column":30},"end":{"line":30,"column":null}}},"fnMap":{"0":{"name":"(anonymous_1)","decl":{"start":{"line":12,"column":16},"end":{"line":12,"column":17}},"loc":{"start":{"line":12,"column":17},"end":{"line":26,"column":null}}}},"branchMap":{"0":{"loc":{"start":{"line":17,"column":2},"end":{"line":23,"column":null}},"type":"if","locations":[{"start":{"line":17,"column":2},"end":{"line":23,"column":null}}]}},"s":{"0":5,"1":7,"2":7,"3":7,"4":7,"5":7,"6":2,"7":2,"8":2,"9":1,"10":1,"11":7},"f":{"0":2},"b":{"0":[1]}}
,"/Users/benjamin.hansell/projects/nhs-notify-web-template-management/lambdas/endpoint/src/templates/domain/user/user-schema.ts": {"path":"/Users/benjamin.hansell/projects/nhs-notify-web-template-management/lambdas/endpoint/src/templates/domain/user/user-schema.ts","statementMap":{"0":{"start":{"line":3,"column":13},"end":{"line":3,"column":21}},"1":{"start":{"line":1,"column":18},"end":{"line":1,"column":null}},"2":{"start":{"line":3,"column":21},"end":{"line":5,"column":null}}},"fnMap":{},"branchMap":{},"s":{"0":6,"1":7,"2":7},"f":{},"b":{}}
,"/Users/benjamin.hansell/projects/nhs-notify-web-template-management/lambdas/endpoint/src/utils/index.ts": {"path":"/Users/benjamin.hansell/projects/nhs-notify-web-template-management/lambdas/endpoint/src/utils/index.ts","statementMap":{"0":{"start":{"line":1,"column":14},"end":{"line":1,"column":null}},"1":{"start":{"line":2,"column":14},"end":{"line":2,"column":null}},"2":{"start":{"line":3,"column":14},"end":{"line":3,"column":null}}},"fnMap":{},"branchMap":{},"s":{"0":5,"1":5,"2":5},"f":{},"b":{}}
,"/Users/benjamin.hansell/projects/nhs-notify-web-template-management/lambdas/endpoint/src/utils/logger.ts": {"path":"/Users/benjamin.hansell/projects/nhs-notify-web-template-management/lambdas/endpoint/src/utils/logger.ts","statementMap":{"0":{"start":{"line":15,"column":9},"end":{"line":15,"column":null}},"1":{"start":{"line":1,"column":20},"end":{"line":1,"column":null}},"2":{"start":{"line":3,"column":37},"end":{"line":3,"column":51}},"3":{"start":{"line":5,"column":15},"end":{"line":13,"column":null}}},"fnMap":{},"branchMap":{},"s":{"0":11,"1":7,"2":7,"3":7},"f":{},"b":{}}
,"/Users/benjamin.hansell/projects/nhs-notify-web-template-management/lambdas/endpoint/src/utils/schema-for.ts": {"path":"/Users/benjamin.hansell/projects/nhs-notify-web-template-management/lambdas/endpoint/src/utils/schema-for.ts","statementMap":{"0":{"start":{"line":3,"column":13},"end":{"line":3,"column":null}},"1":{"start":{"line":4,"column":2},"end":{"line":6,"column":null}},"2":{"start":{"line":5,"column":2},"end":{"line":6,"column":null}},"3":{"start":{"line":6,"column":4},"end":{"line":6,"column":null}}},"fnMap":{"0":{"name":"(anonymous_1)","decl":{"start":{"line":4,"column":2},"end":{"line":4,"column":null}},"loc":{"start":{"line":5,"column":2},"end":{"line":6,"column":null}}},"1":{"name":"(anonymous_2)","decl":{"start":{"line":5,"column":2},"end":{"line":5,"column":53}},"loc":{"start":{"line":6,"column":4},"end":{"line":6,"column":null}}}},"branchMap":{},"s":{"0":32,"1":10,"2":32,"3":32},"f":{"0":32,"1":32},"b":{}}
,"/Users/benjamin.hansell/projects/nhs-notify-web-template-management/lambdas/endpoint/src/utils/validate.ts": {"path":"/Users/benjamin.hansell/projects/nhs-notify-web-template-management/lambdas/endpoint/src/utils/validate.ts","statementMap":{"0":{"start":{"line":9,"column":13},"end":{"line":9,"column":24}},"1":{"start":{"line":6,"column":7},"end":{"line":6,"column":null}},"2":{"start":{"line":9,"column":24},"end":{"line":24,"column":null}},"3":{"start":{"line":13,"column":26},"end":{"line":13,"column":null}},"4":{"start":{"line":15,"column":2},"end":{"line":21,"column":null}},"5":{"start":{"line":16,"column":4},"end":{"line":19,"column":null}},"6":{"start":{"line":23,"column":2},"end":{"line":23,"column":null}}},"fnMap":{"0":{"name":"(anonymous_1)","decl":{"start":{"line":9,"column":24},"end":{"line":9,"column":null}},"loc":{"start":{"line":11,"column":2},"end":{"line":24,"column":null}}}},"branchMap":{"0":{"loc":{"start":{"line":15,"column":2},"end":{"line":21,"column":null}},"type":"if","locations":[{"start":{"line":15,"column":2},"end":{"line":21,"column":null}}]}},"s":{"0":14,"1":9,"2":9,"3":11,"4":11,"5":2,"6":9},"f":{"0":11},"b":{"0":[2]}}
}
