TN:
SF:src/index.ts
FN:9,(anonymous_1)
FNF:1
FNH:1
FNDA:1,(anonymous_1)
DA:2,1
DA:3,1
DA:5,1
DA:9,1
DA:10,1
DA:21,1
DA:23,1
LF:7
LH:7
BRDA:12,0,0,1
BRDA:12,0,1,1
BRF:2
BRH:2
end_of_record
TN:
SF:src/templates/api/create.ts
FN:5,(anonymous_1)
FNF:1
FNH:1
FNDA:4,(anonymous_1)
DA:2,1
DA:3,1
DA:5,4
DA:6,4
DA:8,4
DA:10,4
DA:11,1
DA:14,3
DA:16,3
DA:17,2
DA:20,1
LF:11
LH:11
BRDA:8,0,0,4
BRDA:8,0,1,1
BRDA:10,1,0,1
BRDA:16,2,0,2
BRF:4
BRH:4
end_of_record
TN:
SF:src/templates/api/get.ts
FN:5,(anonymous_1)
FNF:1
FNH:1
FNDA:4,(anonymous_1)
DA:2,1
DA:3,1
DA:5,4
DA:6,4
DA:8,4
DA:10,4
DA:11,2
DA:14,2
DA:16,2
DA:17,1
DA:20,1
LF:11
LH:11
BRDA:10,0,0,2
BRDA:10,1,0,4
BRDA:10,1,1,3
BRDA:16,2,0,1
BRF:4
BRH:4
end_of_record
TN:
SF:src/templates/api/responses.ts
FN:3,(anonymous_3)
FN:8,(anonymous_4)
FNF:2
FNH:2
FNDA:3,(anonymous_3)
FNDA:9,(anonymous_4)
DA:3,3
DA:8,9
LF:2
LH:2
BRF:0
BRH:0
end_of_record
TN:
SF:src/templates/api/update.ts
FN:5,(anonymous_1)
FNF:1
FNH:1
FNDA:4,(anonymous_1)
DA:2,1
DA:3,1
DA:5,4
DA:6,4
DA:8,4
DA:10,4
DA:11,1
DA:14,3
DA:16,3
DA:17,2
DA:20,1
LF:11
LH:11
BRDA:8,0,0,4
BRDA:8,0,1,1
BRDA:10,1,0,1
BRDA:16,2,0,2
BRF:4
BRH:4
end_of_record
TN:
SF:src/templates/app/create-template.ts
FN:6,(anonymous_1)
FNF:1
FNH:1
FNDA:4,(anonymous_1)
DA:1,2
DA:2,2
DA:3,2
DA:4,2
DA:6,5
DA:10,4
DA:12,4
DA:13,1
DA:17,1
DA:20,3
DA:25,3
DA:27,3
DA:28,1
DA:33,1
DA:36,2
DA:41,2
DA:42,1
DA:46,1
DA:49,1
LF:19
LH:19
BRDA:12,0,0,1
BRDA:27,1,0,1
BRDA:41,2,0,1
BRF:3
BRH:3
end_of_record
TN:
SF:src/templates/app/get-template.ts
FN:6,(anonymous_1)
FNF:1
FNH:1
FNDA:3,(anonymous_1)
DA:1,2
DA:2,2
DA:3,2
DA:4,2
DA:6,4
DA:10,3
DA:12,3
DA:13,1
DA:18,1
DA:21,2
DA:26,2
DA:31,2
DA:32,1
DA:34,1
DA:37,1
LF:15
LH:15
BRDA:12,0,0,1
BRDA:31,1,0,1
BRF:2
BRH:2
end_of_record
TN:
SF:src/templates/app/update-template.ts
FN:6,(anonymous_1)
FNF:1
FNH:1
FNDA:4,(anonymous_1)
DA:1,2
DA:2,2
DA:3,2
DA:4,2
DA:6,5
DA:10,4
DA:12,4
DA:13,1
DA:18,1
DA:21,3
DA:26,3
DA:28,3
DA:29,1
DA:31,1
DA:34,2
DA:39,2
DA:40,1
DA:42,1
DA:45,1
LF:19
LH:19
BRDA:12,0,0,1
BRDA:28,1,0,1
BRDA:39,2,0,1
BRF:3
BRH:3
end_of_record
TN:
SF:src/templates/domain/template/index.ts
FNF:0
FNH:0
DA:1,8
DA:2,8
DA:3,8
LF:3
LH:3
BRF:0
BRH:0
end_of_record
TN:
SF:src/templates/domain/template/template-repository.ts
FN:32,(anonymous_1)
FN:57,(anonymous_2)
FN:101,(anonymous_3)
FNF:3
FNH:3
FNDA:4,(anonymous_1)
FNDA:3,(anonymous_2)
FNDA:4,(anonymous_3)
DA:9,8
DA:14,8
DA:21,8
DA:22,8
DA:25,8
DA:32,8
DA:36,4
DA:37,4
DA:47,3
DA:48,2
DA:51,1
DA:53,1
DA:57,8
DA:61,3
DA:71,3
DA:72,3
DA:80,2
DA:85,2
DA:86,1
DA:91,1
DA:93,2
DA:101,8
DA:105,4
DA:130,4
DA:131,4
DA:133,1
DA:135,3
DA:136,1
DA:143,2
DA:144,1
DA:147,1
DA:155,14
LF:32
LH:32
BRDA:47,0,0,2
BRDA:80,1,0,2
BRDA:80,1,1,1
BRDA:85,2,0,1
BRDA:135,3,0,1
BRDA:143,4,0,1
BRF:6
BRH:6
end_of_record
TN:
SF:src/templates/domain/template/template-schema.ts
FNF:0
FNH:0
DA:1,8
DA:7,8
DA:8,8
DA:10,8
DA:18,8
DA:25,11
DA:30,8
LF:7
LH:7
BRF:0
BRH:0
end_of_record
TN:
SF:src/templates/domain/user/index.ts
FNF:0
FNH:0
DA:1,7
DA:2,7
DA:3,7
LF:3
LH:3
BRF:0
BRH:0
end_of_record
TN:
SF:src/templates/domain/user/user-repository.ts
FN:12,(anonymous_1)
FNF:1
FNH:1
FNDA:2,(anonymous_1)
DA:1,7
DA:7,7
DA:8,7
DA:10,7
DA:12,7
DA:13,2
DA:15,2
DA:17,2
DA:18,1
DA:25,1
DA:28,7
LF:11
LH:11
BRDA:17,0,0,1
BRF:1
BRH:1
end_of_record
TN:
SF:src/templates/domain/user/user-schema.ts
FNF:0
FNH:0
DA:1,7
DA:3,7
LF:2
LH:2
BRF:0
BRH:0
end_of_record
TN:
SF:src/utils/index.ts
FNF:0
FNH:0
DA:1,5
DA:2,5
DA:3,5
LF:3
LH:3
BRF:0
BRH:0
end_of_record
TN:
SF:src/utils/logger.ts
FNF:0
FNH:0
DA:1,7
DA:3,7
DA:5,7
DA:15,11
LF:4
LH:4
BRF:0
BRH:0
end_of_record
TN:
SF:src/utils/schema-for.ts
FN:4,(anonymous_1)
FN:5,(anonymous_2)
FNF:2
FNH:2
FNDA:32,(anonymous_1)
FNDA:32,(anonymous_2)
DA:3,32
DA:4,10
DA:5,32
DA:6,32
LF:4
LH:4
BRF:0
BRH:0
end_of_record
TN:
SF:src/utils/validate.ts
FN:9,(anonymous_1)
FNF:1
FNH:1
FNDA:11,(anonymous_1)
DA:6,9
DA:9,14
DA:13,11
DA:15,11
DA:16,2
DA:23,9
LF:6
LH:6
BRDA:15,0,0,2
BRF:1
BRH:1
end_of_record
